Forwarding from 127.0.0.1:19006 -> 19006
Forwarding from [::1]:19006 -> 19006
Handling connection for 19006

[0;34mℹ️  Configurando port-forwards para coleta de métricas...[0m

[0;34mℹ️  Parando port-forwards de métricas anteriores...[0m
[0;34mℹ️  Configurando port-forwards para observabilidade:[0m
   • Backend Kubernetes: localhost:3002 -> backend:3000/metrics
   • Frontend Kubernetes: localhost:3003 -> frontend:80/metrics
   • Mobile Kubernetes: localhost:3004 -> mobile:19006/metrics

[0;34mℹ️  Configurando port-forward para backend (métricas)...[0m
[0;34mℹ️  Configurando port-forward para frontend (métricas)...[0m
[0;34mℹ️  Configurando port-forward para mobile (métricas)...[0m
[0;34mℹ️  Testando conectividade com métricas...[0m
[0;32m✅ Backend métricas acessíveis em http://localhost:3002/metrics[0m
[0;32m✅ Frontend acessível em http://localhost:3003/ (métricas em desenvolvimento)[0m
[0;32m✅ Mobile acessível em http://localhost:3004/ (métricas em desenvolvimento)[0m
[0;34mℹ️  Verificando coleta no Prometheus...[0m
[0;32m✅ Prometheus coletando métricas do backend-kubernetes[0m

[0;32m✅ Port-forwards configurados para observabilidade![0m

[0;34mℹ️  URLs para verificação:[0m
   • Métricas Backend: http://localhost:3002/metrics
   • Frontend App: http://localhost:3003/
   • Mobile App: http://localhost:3004/
   • Prometheus Targets: http://localhost:9090/targets
   • Grafana Dashboards: http://localhost:3100 (admin/admin)

[0;34mℹ️  Pressione Ctrl+C para parar todos os port-forwards de métricas[0m
[0;34mℹ️  Parando port-forwards de métricas anteriores...[0m
